<?xml version="1.0" encoding="UTF-8"?>
<!-- Generated by org.testng.reporters.JUnitXMLReporter -->
<testsuite ignored="0" hostname="DESKTOP-T15INS2" failures="2" tests="2" name="Default test" time="0.075" errors="0" timestamp="2021-11-10T16:49:40 IST">
  <testcase classname="maven.demo.Stock_demo" name="f10" time="0.01">
    <failure type="java.lang.Error" message="Unresolved compilation problems: 
	WebDriver cannot be resolved to a type
	The method getdriver(String, String) from the type browser_management refers to the missing type WebDriver
	PageFactory cannot be resolved
	By cannot be resolved
	By cannot be resolved
	Select cannot be resolved to a type
	Select cannot be resolved to a type
	By cannot be resolved
	Select cannot be resolved to a type
	Select cannot be resolved to a type
	By cannot be resolved
	Select cannot be resolved to a type
	Select cannot be resolved to a type
	By cannot be resolved
	Select cannot be resolved to a type
	Select cannot be resolved to a type
	By cannot be resolved
	Select cannot be resolved to a type
	Select cannot be resolved to a type
	By cannot be resolved
	Select cannot be resolved to a type
	Select cannot be resolved to a type
	By cannot be resolved
	Select cannot be resolved to a type
	Select cannot be resolved to a type
	By cannot be resolved
	Select cannot be resolved to a type
	Select cannot be resolved to a type
	By cannot be resolved
	Select cannot be resolved to a type
	Select cannot be resolved to a type
	By cannot be resolved
	By cannot be resolved
	WebElement cannot be resolved to a type
	By cannot be resolved
	Keys cannot be resolved to a variable
	By cannot be resolved
	WebElement cannot be resolved to a type
	By cannot be resolved
	Keys cannot be resolved to a variable
	By cannot be resolved
	WebElement cannot be resolved to a type
	By cannot be resolved
	Keys cannot be resolved to a variable
	By cannot be resolved
	By cannot be resolved
	By cannot be resolved
	By cannot be resolved
	By cannot be resolved
	By cannot be resolved
">
      <![CDATA[java.lang.Error: Unresolved compilation problems: 
WebDriver cannot be resolved to a type
The method getdriver(String, String) from the type browser_management refers to the missing type WebDriver
PageFactory cannot be resolved
By cannot be resolved
By cannot be resolved
Select cannot be resolved to a type
Select cannot be resolved to a type
By cannot be resolved
Select cannot be resolved to a type
Select cannot be resolved to a type
By cannot be resolved
Select cannot be resolved to a type
Select cannot be resolved to a type
By cannot be resolved
Select cannot be resolved to a type
Select cannot be resolved to a type
By cannot be resolved
Select cannot be resolved to a type
Select cannot be resolved to a type
By cannot be resolved
Select cannot be resolved to a type
Select cannot be resolved to a type
By cannot be resolved
Select cannot be resolved to a type
Select cannot be resolved to a type
By cannot be resolved
Select cannot be resolved to a type
Select cannot be resolved to a type
By cannot be resolved
Select cannot be resolved to a type
Select cannot be resolved to a type
By cannot be resolved
By cannot be resolved
WebElement cannot be resolved to a type
By cannot be resolved
Keys cannot be resolved to a variable
By cannot be resolved
WebElement cannot be resolved to a type
By cannot be resolved
Keys cannot be resolved to a variable
By cannot be resolved
WebElement cannot be resolved to a type
By cannot be resolved
Keys cannot be resolved to a variable
By cannot be resolved
By cannot be resolved
By cannot be resolved
By cannot be resolved
By cannot be resolved
By cannot be resolved

at maven.demo.Stock_demo.f10(Stock_demo.java:429)
at java.base/jdk.internal.reflect.NativeMethodAccessorImpl.invoke0(Native Method)
at java.base/jdk.internal.reflect.NativeMethodAccessorImpl.invoke(NativeMethodAccessorImpl.java:78)
at java.base/jdk.internal.reflect.DelegatingMethodAccessorImpl.invoke(DelegatingMethodAccessorImpl.java:43)
at java.base/java.lang.reflect.Method.invoke(Method.java:567)
at org.testng.internal.MethodInvocationHelper.invokeMethod(MethodInvocationHelper.java:133)
at org.testng.internal.TestInvoker.invokeMethod(TestInvoker.java:598)
at org.testng.internal.TestInvoker.invokeTestMethod(TestInvoker.java:173)
at org.testng.internal.MethodRunner.runInSequence(MethodRunner.java:46)
at org.testng.internal.TestInvoker$MethodInvocationAgent.invoke(TestInvoker.java:824)
at org.testng.internal.TestInvoker.invokeTestMethods(TestInvoker.java:146)
at org.testng.internal.TestMethodWorker.invokeTestMethods(TestMethodWorker.java:146)
at org.testng.internal.TestMethodWorker.run(TestMethodWorker.java:128)
at java.base/java.util.ArrayList.forEach(ArrayList.java:1511)
at org.testng.TestRunner.privateRun(TestRunner.java:794)
at org.testng.TestRunner.run(TestRunner.java:596)
at org.testng.SuiteRunner.runTest(SuiteRunner.java:377)
at org.testng.SuiteRunner.runSequentially(SuiteRunner.java:371)
at org.testng.SuiteRunner.privateRun(SuiteRunner.java:332)
at org.testng.SuiteRunner.run(SuiteRunner.java:276)
at org.testng.SuiteRunnerWorker.runSuite(SuiteRunnerWorker.java:53)
at org.testng.SuiteRunnerWorker.run(SuiteRunnerWorker.java:96)
at org.testng.TestNG.runSuitesSequentially(TestNG.java:1212)
at org.testng.TestNG.runSuitesLocally(TestNG.java:1134)
at org.testng.TestNG.runSuites(TestNG.java:1063)
at org.testng.TestNG.run(TestNG.java:1031)
at org.testng.remote.AbstractRemoteTestNG.run(AbstractRemoteTestNG.java:115)
at org.testng.remote.RemoteTestNG.initAndRun(RemoteTestNG.java:251)
at org.testng.remote.RemoteTestNG.main(RemoteTestNG.java:77)
]]>
    </failure>
  </testcase> <!-- f10 -->
  <testcase classname="maven.demo.Stock_demo" name="f9" time="0.002">
    <failure type="java.lang.Error" message="Unresolved compilation problems: 
	WebDriver cannot be resolved to a type
	The method getdriver(String, String) from the type browser_management refers to the missing type WebDriver
	PageFactory cannot be resolved
	By cannot be resolved
	By cannot be resolved
	By cannot be resolved
	Select cannot be resolved to a type
	Select cannot be resolved to a type
	By cannot be resolved
	Select cannot be resolved to a type
	Select cannot be resolved to a type
	By cannot be resolved
	Select cannot be resolved to a type
	Select cannot be resolved to a type
	By cannot be resolved
	By cannot be resolved
	By cannot be resolved
	Select cannot be resolved to a type
	Select cannot be resolved to a type
	By cannot be resolved
	By cannot be resolved
	By cannot be resolved
	By cannot be resolved
	By cannot be resolved
	By cannot be resolved
">
      <![CDATA[java.lang.Error: Unresolved compilation problems: 
WebDriver cannot be resolved to a type
The method getdriver(String, String) from the type browser_management refers to the missing type WebDriver
PageFactory cannot be resolved
By cannot be resolved
By cannot be resolved
By cannot be resolved
Select cannot be resolved to a type
Select cannot be resolved to a type
By cannot be resolved
Select cannot be resolved to a type
Select cannot be resolved to a type
By cannot be resolved
Select cannot be resolved to a type
Select cannot be resolved to a type
By cannot be resolved
By cannot be resolved
By cannot be resolved
Select cannot be resolved to a type
Select cannot be resolved to a type
By cannot be resolved
By cannot be resolved
By cannot be resolved
By cannot be resolved
By cannot be resolved
By cannot be resolved

at maven.demo.Stock_demo.f9(Stock_demo.java:377)
at java.base/jdk.internal.reflect.NativeMethodAccessorImpl.invoke0(Native Method)
at java.base/jdk.internal.reflect.NativeMethodAccessorImpl.invoke(NativeMethodAccessorImpl.java:78)
at java.base/jdk.internal.reflect.DelegatingMethodAccessorImpl.invoke(DelegatingMethodAccessorImpl.java:43)
at java.base/java.lang.reflect.Method.invoke(Method.java:567)
at org.testng.internal.MethodInvocationHelper.invokeMethod(MethodInvocationHelper.java:133)
at org.testng.internal.TestInvoker.invokeMethod(TestInvoker.java:598)
at org.testng.internal.TestInvoker.invokeTestMethod(TestInvoker.java:173)
at org.testng.internal.MethodRunner.runInSequence(MethodRunner.java:46)
at org.testng.internal.TestInvoker$MethodInvocationAgent.invoke(TestInvoker.java:824)
at org.testng.internal.TestInvoker.invokeTestMethods(TestInvoker.java:146)
at org.testng.internal.TestMethodWorker.invokeTestMethods(TestMethodWorker.java:146)
at org.testng.internal.TestMethodWorker.run(TestMethodWorker.java:128)
at java.base/java.util.ArrayList.forEach(ArrayList.java:1511)
at org.testng.TestRunner.privateRun(TestRunner.java:794)
at org.testng.TestRunner.run(TestRunner.java:596)
at org.testng.SuiteRunner.runTest(SuiteRunner.java:377)
at org.testng.SuiteRunner.runSequentially(SuiteRunner.java:371)
at org.testng.SuiteRunner.privateRun(SuiteRunner.java:332)
at org.testng.SuiteRunner.run(SuiteRunner.java:276)
at org.testng.SuiteRunnerWorker.runSuite(SuiteRunnerWorker.java:53)
at org.testng.SuiteRunnerWorker.run(SuiteRunnerWorker.java:96)
at org.testng.TestNG.runSuitesSequentially(TestNG.java:1212)
at org.testng.TestNG.runSuitesLocally(TestNG.java:1134)
at org.testng.TestNG.runSuites(TestNG.java:1063)
at org.testng.TestNG.run(TestNG.java:1031)
at org.testng.remote.AbstractRemoteTestNG.run(AbstractRemoteTestNG.java:115)
at org.testng.remote.RemoteTestNG.initAndRun(RemoteTestNG.java:251)
at org.testng.remote.RemoteTestNG.main(RemoteTestNG.java:77)
]]>
    </failure>
  </testcase> <!-- f9 -->
</testsuite> <!-- Default test -->
